Using pre-set license
Built from '2020.3/staging' branch; Version is '2020.3.11f1 (99c7afb366b3) revision 10078127'; Using compiler version '192528614'; Build Type 'Release'
OS: 'Windows 10 Home Single Language; OS build 18363.1556; Version 1909; 64bit' Language: 'vi' Physical Memory: 7997 MB
BatchMode: 1, IsHumanControllingUs: 0, StartBugReporterOnCrash: 0, Is64bit: 1, IsPro: 0

 COMMAND LINE ARGUMENTS:
D:\game\2020.3.11f1\Editor\Unity.exe
-adb2
-batchMode
-noUpm
-name
AssetImportWorker0
-projectPath
D:/game/project/flappy birds/flappy birds/New Unity Project
-logFile
Logs/AssetImportWorker0.log
-srvPort
54748
Successfully changed project path to: D:/game/project/flappy birds/flappy birds/New Unity Project
D:/game/project/flappy birds/flappy birds/New Unity Project
Using Asset Import Pipeline V2.
Refreshing native plugins compatible for Editor in 59.55 ms, found 3 plugins.
Preloading 0 native plugins for Editor in 0.00 ms.
Initialize engine version: 2020.3.11f1 (99c7afb366b3)
[Subsystems] Discovering subsystems at path D:/game/2020.3.11f1/Editor/Data/Resources/UnitySubsystems
[Subsystems] Discovering subsystems at path D:/game/project/flappy birds/flappy birds/New Unity Project/Assets
GfxDevice: creating device client; threaded=0
Direct3D:
    Version:  Direct3D 11.0 [level 11.1]
    Renderer: Intel(R) Iris(R) Plus Graphics (ID=0x8a52)
    Vendor:   
    VRAM:     3998 MB
    Driver:   27.20.100.9268
Initialize mono
Mono path[0] = 'D:/game/2020.3.11f1/Editor/Data/Managed'
Mono path[1] = 'D:/game/2020.3.11f1/Editor/Data/MonoBleedingEdge/lib/mono/unityjit'
Mono config path = 'D:/game/2020.3.11f1/Editor/Data/MonoBleedingEdge/etc'
Using monoOptions --debugger-agent=transport=dt_socket,embedding=1,server=y,suspend=n,address=127.0.0.1:56728
Begin MonoManager ReloadAssembly
Registering precompiled unity dll's ...
Register platform support module: D:/game/2020.3.11f1/Editor/Data/PlaybackEngines/WindowsStandaloneSupport/UnityEditor.WindowsStandalone.Extensions.dll
Registered in 0.002504 seconds.
Native extension for WindowsStandalone target not found
Refreshing native plugins compatible for Editor in 52.99 ms, found 3 plugins.
Preloading 0 native plugins for Editor in 0.00 ms.
Mono: successfully reloaded assembly
- Completed reload, in  1.365 seconds
Platform modules already initialized, skipping
Registering precompiled user dll's ...
Registered in 0.002857 seconds.
Begin MonoManager ReloadAssembly
Native extension for WindowsStandalone target not found
Refreshing native plugins compatible for Editor in 78.21 ms, found 3 plugins.
Preloading 0 native plugins for Editor in 0.00 ms.
Mono: successfully reloaded assembly
- Completed reload, in  1.391 seconds
Platform modules already initialized, skipping
========================================================================
Worker process is ready to serve import requests
Launched and connected shader compiler UnityShaderCompiler.exe after 0.08 seconds
Refreshing native plugins compatible for Editor in 0.58 ms, found 3 plugins.
Preloading 0 native plugins for Editor in 0.00 ms.
Unloading 2087 Unused Serialized files (Serialized files now loaded: 0)
System memory in use before: 93.1 MB.
System memory in use after: 93.0 MB.

Unloading 33 unused Assets to reduce memory usage. Loaded Objects now: 2522.
Total: 3.860300 ms (FindLiveObjects: 0.200500 ms CreateObjectMapping: 0.087300 ms MarkObjects: 3.377000 ms  DeleteObjects: 0.193600 ms)

========================================================================
Received Prepare
Registering precompiled user dll's ...
Registered in 0.002745 seconds.
Begin MonoManager ReloadAssembly
Native extension for WindowsStandalone target not found
Refreshing native plugins compatible for Editor in 0.63 ms, found 3 plugins.
Preloading 0 native plugins for Editor in 0.00 ms.
Mono: successfully reloaded assembly
- Completed reload, in  1.545 seconds
Platform modules already initialized, skipping
Refreshing native plugins compatible for Editor in 0.55 ms, found 3 plugins.
Preloading 0 native plugins for Editor in 0.00 ms.
Unloading 2082 Unused Serialized files (Serialized files now loaded: 0)
System memory in use before: 93.0 MB.
System memory in use after: 93.0 MB.

Unloading 21 unused Assets to reduce memory usage. Loaded Objects now: 2526.
Total: 3.091600 ms (FindLiveObjects: 0.204100 ms CreateObjectMapping: 0.085500 ms MarkObjects: 2.628500 ms  DeleteObjects: 0.169600 ms)

========================================================================
Received Import Request.
  path: Assets/Scripts/Controller/GameManager.cs
  artifactKey: Guid(dd40827d0a7fbff45b035961e3cf82ec) Importer(815301076,1909f56bfc062723c751e8b465ee728b)
Start importing Assets/Scripts/Controller/GameManager.cs using Guid(dd40827d0a7fbff45b035961e3cf82ec) Importer(815301076,1909f56bfc062723c751e8b465ee728b)  -> (artifact id: 'd8acf3ece0767467faf7c8d0165c3546') in 0.122129 seconds
  Import took 0.129373 seconds .

========================================================================
Received Prepare
Registering precompiled user dll's ...
Registered in 0.005594 seconds.
Begin MonoManager ReloadAssembly
Native extension for WindowsStandalone target not found
Refreshing native plugins compatible for Editor in 0.75 ms, found 3 plugins.
Preloading 0 native plugins for Editor in 0.00 ms.
Mono: successfully reloaded assembly
- Completed reload, in  1.366 seconds
Platform modules already initialized, skipping
Refreshing native plugins compatible for Editor in 0.63 ms, found 3 plugins.
Preloading 0 native plugins for Editor in 0.00 ms.
Unloading 2082 Unused Serialized files (Serialized files now loaded: 0)
System memory in use before: 93.1 MB.
System memory in use after: 93.1 MB.

Unloading 21 unused Assets to reduce memory usage. Loaded Objects now: 2530.
Total: 3.865100 ms (FindLiveObjects: 0.271200 ms CreateObjectMapping: 0.130800 ms MarkObjects: 3.255800 ms  DeleteObjects: 0.204900 ms)

========================================================================
Received Prepare
Registering precompiled user dll's ...
Registered in 0.002870 seconds.
Begin MonoManager ReloadAssembly
Native extension for WindowsStandalone target not found
Refreshing native plugins compatible for Editor in 0.80 ms, found 3 plugins.
Preloading 0 native plugins for Editor in 0.00 ms.
Mono: successfully reloaded assembly
- Completed reload, in  1.255 seconds
Platform modules already initialized, skipping
Refreshing native plugins compatible for Editor in 0.67 ms, found 3 plugins.
Preloading 0 native plugins for Editor in 0.00 ms.
Unloading 2082 Unused Serialized files (Serialized files now loaded: 0)
System memory in use before: 93.1 MB.
System memory in use after: 93.1 MB.

Unloading 21 unused Assets to reduce memory usage. Loaded Objects now: 2534.
Total: 2.940000 ms (FindLiveObjects: 0.259900 ms CreateObjectMapping: 0.081000 ms MarkObjects: 2.484700 ms  DeleteObjects: 0.112300 ms)

========================================================================
Received Prepare
Registering precompiled user dll's ...
Registered in 0.004589 seconds.
Begin MonoManager ReloadAssembly
Native extension for WindowsStandalone target not found
Refreshing native plugins compatible for Editor in 0.47 ms, found 3 plugins.
Preloading 0 native plugins for Editor in 0.00 ms.
Mono: successfully reloaded assembly
- Completed reload, in  1.553 seconds
Platform modules already initialized, skipping
Refreshing native plugins compatible for Editor in 0.73 ms, found 3 plugins.
Preloading 0 native plugins for Editor in 0.00 ms.
Unloading 2082 Unused Serialized files (Serialized files now loaded: 0)
System memory in use before: 93.1 MB.
System memory in use after: 93.1 MB.

Unloading 21 unused Assets to reduce memory usage. Loaded Objects now: 2538.
Total: 3.564400 ms (FindLiveObjects: 0.203600 ms CreateObjectMapping: 0.077200 ms MarkObjects: 3.061000 ms  DeleteObjects: 0.221000 ms)

========================================================================
Received Import Request.
  Time since last request: 1192.136664 seconds.
  path: Assets/Scripts/Controller/GamePlayController.cs
  artifactKey: Guid(4dd483ff20a4be44e872ba83cd3086e9) Importer(815301076,1909f56bfc062723c751e8b465ee728b)
Start importing Assets/Scripts/Controller/GamePlayController.cs using Guid(4dd483ff20a4be44e872ba83cd3086e9) Importer(815301076,1909f56bfc062723c751e8b465ee728b)  -> (artifact id: 'b345e1b593793641ca3af35123d76fc1') in 0.016078 seconds
  Import took 0.022163 seconds .

========================================================================
Received Import Request.
  Time since last request: 0.026975 seconds.
  path: Assets/Scripts/Controller/GamePlayController.cs
  artifactKey: Guid(4dd483ff20a4be44e872ba83cd3086e9) Importer(815301076,1909f56bfc062723c751e8b465ee728b)
Start importing Assets/Scripts/Controller/GamePlayController.cs using Guid(4dd483ff20a4be44e872ba83cd3086e9) Importer(815301076,1909f56bfc062723c751e8b465ee728b)  -> (artifact id: 'b345e1b593793641ca3af35123d76fc1') in 0.003626 seconds
  Import took 0.010229 seconds .

========================================================================
Received Import Request.
  Time since last request: 280.773064 seconds.
  path: Assets/Scripts/BirdController/BirdController.cs
  artifactKey: Guid(b348c1959a2f9a54f80a4a7b69d136a5) Importer(815301076,1909f56bfc062723c751e8b465ee728b)
Start importing Assets/Scripts/BirdController/BirdController.cs using Guid(b348c1959a2f9a54f80a4a7b69d136a5) Importer(815301076,1909f56bfc062723c751e8b465ee728b)  -> (artifact id: 'c3fa2915f4f3e1bed8639be58b46a176') in 0.021418 seconds
  Import took 0.029513 seconds .

========================================================================
Received Import Request.
  Time since last request: 38.734269 seconds.
  path: Assets/Scripts/BirdController/BirdController.cs
  artifactKey: Guid(b348c1959a2f9a54f80a4a7b69d136a5) Importer(815301076,1909f56bfc062723c751e8b465ee728b)
Start importing Assets/Scripts/BirdController/BirdController.cs using Guid(b348c1959a2f9a54f80a4a7b69d136a5) Importer(815301076,1909f56bfc062723c751e8b465ee728b)  -> (artifact id: 'cc831608a4d4cd836a9c728e863d583d') in 0.003079 seconds
  Import took 0.016623 seconds .

========================================================================
Received Prepare
Registering precompiled user dll's ...
Registered in 0.003391 seconds.
Begin MonoManager ReloadAssembly
Native extension for WindowsStandalone target not found
Refreshing native plugins compatible for Editor in 0.66 ms, found 3 plugins.
Preloading 0 native plugins for Editor in 0.00 ms.
Mono: successfully reloaded assembly
- Completed reload, in  1.256 seconds
Platform modules already initialized, skipping
Refreshing native plugins compatible for Editor in 0.57 ms, found 3 plugins.
Preloading 0 native plugins for Editor in 0.00 ms.
Unloading 2082 Unused Serialized files (Serialized files now loaded: 0)
System memory in use before: 93.2 MB.
System memory in use after: 93.1 MB.

Unloading 21 unused Assets to reduce memory usage. Loaded Objects now: 2542.
Total: 3.295200 ms (FindLiveObjects: 0.194500 ms CreateObjectMapping: 0.073100 ms MarkObjects: 2.856200 ms  DeleteObjects: 0.169700 ms)

========================================================================
Received Import Request.
  Time since last request: 259.932064 seconds.
  path: Assets/Scenes/ManiMenu.unity
  artifactKey: Guid(bad8e9f00e6ecc34a8d6720f9e5bc09a) Importer(815301076,1909f56bfc062723c751e8b465ee728b)
Start importing Assets/Scenes/ManiMenu.unity using Guid(bad8e9f00e6ecc34a8d6720f9e5bc09a) Importer(815301076,1909f56bfc062723c751e8b465ee728b)  -> (artifact id: 'b419fce67dc5e1e297e1e756e3b19524') in 0.038656 seconds
  Import took 0.045770 seconds .

========================================================================
Received Prepare
Registering precompiled user dll's ...
Registered in 0.003342 seconds.
Begin MonoManager ReloadAssembly
Native extension for WindowsStandalone target not found
Refreshing native plugins compatible for Editor in 0.49 ms, found 3 plugins.
Preloading 0 native plugins for Editor in 0.00 ms.
Mono: successfully reloaded assembly
- Completed reload, in  1.168 seconds
Platform modules already initialized, skipping
Refreshing native plugins compatible for Editor in 0.66 ms, found 3 plugins.
Preloading 0 native plugins for Editor in 0.00 ms.
Unloading 2082 Unused Serialized files (Serialized files now loaded: 0)
System memory in use before: 93.2 MB.
System memory in use after: 93.1 MB.

Unloading 21 unused Assets to reduce memory usage. Loaded Objects now: 2546.
Total: 2.824600 ms (FindLiveObjects: 0.193800 ms CreateObjectMapping: 0.075500 ms MarkObjects: 2.376800 ms  DeleteObjects: 0.177200 ms)

========================================================================
Received Prepare
Registering precompiled user dll's ...
Registered in 0.003336 seconds.
Begin MonoManager ReloadAssembly
Native extension for WindowsStandalone target not found
Refreshing native plugins compatible for Editor in 0.77 ms, found 3 plugins.
Preloading 0 native plugins for Editor in 0.00 ms.
Mono: successfully reloaded assembly
- Completed reload, in  1.291 seconds
Platform modules already initialized, skipping
Refreshing native plugins compatible for Editor in 0.50 ms, found 3 plugins.
Preloading 0 native plugins for Editor in 0.00 ms.
Unloading 2082 Unused Serialized files (Serialized files now loaded: 0)
System memory in use before: 93.2 MB.
System memory in use after: 93.2 MB.

Unloading 21 unused Assets to reduce memory usage. Loaded Objects now: 2550.
Total: 3.504500 ms (FindLiveObjects: 0.269500 ms CreateObjectMapping: 0.100800 ms MarkObjects: 2.904300 ms  DeleteObjects: 0.227900 ms)

========================================================================
Received Prepare
Registering precompiled user dll's ...
Registered in 0.004014 seconds.
Begin MonoManager ReloadAssembly
Native extension for WindowsStandalone target not found
Refreshing native plugins compatible for Editor in 0.81 ms, found 3 plugins.
Preloading 0 native plugins for Editor in 0.00 ms.
Mono: successfully reloaded assembly
- Completed reload, in  1.518 seconds
Platform modules already initialized, skipping
Refreshing native plugins compatible for Editor in 0.71 ms, found 3 plugins.
Preloading 0 native plugins for Editor in 0.00 ms.
Unloading 2082 Unused Serialized files (Serialized files now loaded: 0)
System memory in use before: 93.2 MB.
System memory in use after: 93.2 MB.

Unloading 21 unused Assets to reduce memory usage. Loaded Objects now: 2554.
Total: 3.625600 ms (FindLiveObjects: 0.278200 ms CreateObjectMapping: 0.084300 ms MarkObjects: 3.075700 ms  DeleteObjects: 0.185300 ms)

========================================================================
Received Prepare
Registering precompiled user dll's ...
Registered in 0.002671 seconds.
Begin MonoManager ReloadAssembly
Native extension for WindowsStandalone target not found
Refreshing native plugins compatible for Editor in 1.21 ms, found 3 plugins.
Preloading 0 native plugins for Editor in 0.00 ms.
Mono: successfully reloaded assembly
- Completed reload, in  1.435 seconds
Platform modules already initialized, skipping
Refreshing native plugins compatible for Editor in 0.46 ms, found 3 plugins.
Preloading 0 native plugins for Editor in 0.00 ms.
Unloading 2082 Unused Serialized files (Serialized files now loaded: 0)
System memory in use before: 93.2 MB.
System memory in use after: 93.2 MB.

Unloading 21 unused Assets to reduce memory usage. Loaded Objects now: 2558.
Total: 2.771100 ms (FindLiveObjects: 0.179200 ms CreateObjectMapping: 0.073600 ms MarkObjects: 2.377100 ms  DeleteObjects: 0.140200 ms)

AssetImportWorkerClient::OnTransportError - code=2 error=End of file
